<?xml version="1.0" encoding="UTF-8"?>
<robot generator="Robot 3.0.4 (Python 3.7.0 on win32)" generated="20181124 16:05:24.848">
<suite id="s1" name="Hackathon Team 2" source="D:\Dokumenty\Programovani\Projekty\Eclipse\hackathon_team_2">
<suite id="s1-s1" name="Tests" source="D:\Dokumenty\Programovani\Projekty\Eclipse\hackathon_team_2\Tests">
<suite id="s1-s1-s1" name="Template Matching" source="D:\Dokumenty\Programovani\Projekty\Eclipse\hackathon_team_2\Tests\template_matching.robot">
<test id="s1-s1-s1-t1" name="Test">
<kw name="Porovnej" library="template_matching_keywords">
<kw name="Image Recognition" library="library">
<arguments>
<arg>../Resources/Templates/Screenshot_2.png</arg>
<arg>../Resources/Templates/Screenshot_3.png</arg>
</arguments>
<msg timestamp="20181124 16:05:25.013" level="FAIL">error: OpenCV(3.4.3) C:\projects\opencv-python\opencv\modules\imgproc\src\color.cpp:181: error: (-215:Assertion failed) !_src.empty() in function 'cv::cvtColor'
</msg>
<status status="FAIL" starttime="20181124 16:05:25.012" endtime="20181124 16:05:25.013"></status>
</kw>
<status status="FAIL" starttime="20181124 16:05:25.011" endtime="20181124 16:05:25.014"></status>
</kw>
<status status="FAIL" starttime="20181124 16:05:25.011" endtime="20181124 16:05:25.014" critical="yes">error: OpenCV(3.4.3) C:\projects\opencv-python\opencv\modules\imgproc\src\color.cpp:181: error: (-215:Assertion failed) !_src.empty() in function 'cv::cvtColor'
</status>
</test>
<status status="FAIL" starttime="20181124 16:05:24.902" endtime="20181124 16:05:25.014"></status>
</suite>
<status status="FAIL" starttime="20181124 16:05:24.900" endtime="20181124 16:05:25.015"></status>
</suite>
<status status="FAIL" starttime="20181124 16:05:24.881" endtime="20181124 16:05:25.016"></status>
</suite>
<statistics>
<total>
<stat pass="0" fail="1">Critical Tests</stat>
<stat pass="0" fail="1">All Tests</stat>
</total>
<tag>
</tag>
<suite>
<stat pass="0" fail="1" id="s1" name="Hackathon Team 2">Hackathon Team 2</stat>
<stat pass="0" fail="1" id="s1-s1" name="Tests">Hackathon Team 2.Tests</stat>
<stat pass="0" fail="1" id="s1-s1-s1" name="Template Matching">Hackathon Team 2.Tests.Template Matching</stat>
</suite>
</statistics>
<errors>
</errors>
</robot>
